<?xml version="1.0" encoding="UTF-8"?>
<coverage generated="1526869649809" clover="3.2.0">
  <project timestamp="1526869649809" name="All files">
    <metrics statements="46" coveredstatements="44" conditionals="14" coveredconditionals="10" methods="32" coveredmethods="29" elements="92" coveredelements="83" complexity="0" loc="46" ncloc="46" packages="10" files="10" classes="10">
      <package name="react-mp-bk">
        <metrics statements="6" coveredstatements="5" conditionals="0" coveredconditionals="0" methods="1" coveredmethods="0"/>
        <file name="jestsetup.js" path="/home/wennod/not-work/react-mp-bk/jestsetup.js">
          <metrics statements="6" coveredstatements="5" conditionals="0" coveredconditionals="0" methods="1" coveredmethods="0"/>
          <line num="5" count="7" type="stmt"/>
          <line num="6" count="7" type="stmt"/>
          <line num="7" count="7" type="stmt"/>
          <line num="8" count="7" type="stmt"/>
          <line num="10" count="7" type="stmt"/>
          <line num="11" count="0" type="stmt"/>
        </file>
      </package>
      <package name="react-mp-bk.src.components.Footer">
        <metrics statements="2" coveredstatements="2" conditionals="0" coveredconditionals="0" methods="1" coveredmethods="1"/>
        <file name="Footer.jsx" path="/home/wennod/not-work/react-mp-bk/src/components/Footer/Footer.jsx">
          <metrics statements="2" coveredstatements="2" conditionals="0" coveredconditionals="0" methods="1" coveredmethods="1"/>
          <line num="6" count="2" type="stmt"/>
          <line num="7" count="9" type="stmt"/>
        </file>
      </package>
      <package name="react-mp-bk.src.components.Header">
        <metrics statements="2" coveredstatements="2" conditionals="0" coveredconditionals="0" methods="2" coveredmethods="2"/>
        <file name="Header.jsx" path="/home/wennod/not-work/react-mp-bk/src/components/Header/Header.jsx">
          <metrics statements="2" coveredstatements="2" conditionals="0" coveredconditionals="0" methods="2" coveredmethods="2"/>
          <line num="9" count="5" type="stmt"/>
          <line num="13" count="8" type="stmt"/>
        </file>
      </package>
      <package name="react-mp-bk.src.components.Header.SearchComponent">
        <metrics statements="2" coveredstatements="2" conditionals="0" coveredconditionals="0" methods="2" coveredmethods="2"/>
        <file name="SearchContainer.jsx" path="/home/wennod/not-work/react-mp-bk/src/components/Header/SearchComponent/SearchContainer.jsx">
          <metrics statements="2" coveredstatements="2" conditionals="0" coveredconditionals="0" methods="2" coveredmethods="2"/>
          <line num="7" count="5" type="stmt"/>
          <line num="11" count="8" type="stmt"/>
        </file>
      </package>
      <package name="react-mp-bk.src.components.Header.SearchComponent.SearchFormComponent">
        <metrics statements="8" coveredstatements="8" conditionals="0" coveredconditionals="0" methods="8" coveredmethods="8"/>
        <file name="SearchForm.jsx" path="/home/wennod/not-work/react-mp-bk/src/components/Header/SearchComponent/SearchFormComponent/SearchForm.jsx">
          <metrics statements="8" coveredstatements="8" conditionals="0" coveredconditionals="0" methods="8" coveredmethods="8"/>
          <line num="7" count="6" type="stmt"/>
          <line num="11" count="9" type="stmt"/>
          <line num="15" count="1" type="stmt"/>
          <line num="16" count="11" type="stmt"/>
          <line num="26" count="1" type="stmt"/>
          <line num="27" count="11" type="stmt"/>
          <line num="36" count="1" type="stmt"/>
          <line num="37" count="11" type="stmt"/>
        </file>
      </package>
      <package name="react-mp-bk.src.components.QueryPage">
        <metrics statements="13" coveredstatements="12" conditionals="0" coveredconditionals="0" methods="12" coveredmethods="10"/>
        <file name="QueryPage.jsx" path="/home/wennod/not-work/react-mp-bk/src/components/QueryPage/QueryPage.jsx">
          <metrics statements="13" coveredstatements="12" conditionals="0" coveredconditionals="0" methods="12" coveredmethods="10"/>
          <line num="12" count="5" type="stmt"/>
          <line num="13" count="5" type="stmt"/>
          <line num="21" count="1" type="stmt"/>
          <line num="22" count="1" type="stmt"/>
          <line num="23" count="1" type="stmt"/>
          <line num="27" count="1" type="stmt"/>
          <line num="28" count="1" type="stmt"/>
          <line num="29" count="1" type="stmt"/>
          <line num="31" count="0" type="stmt"/>
          <line num="34" count="1" type="stmt"/>
          <line num="40" count="1" type="stmt"/>
          <line num="44" count="2" type="stmt"/>
          <line num="48" count="8" type="stmt"/>
        </file>
      </package>
      <package name="react-mp-bk.src.components.QueryPage.ResultsContainer">
        <metrics statements="2" coveredstatements="2" conditionals="8" coveredconditionals="4" methods="2" coveredmethods="2"/>
        <file name="ResultsContainer.jsx" path="/home/wennod/not-work/react-mp-bk/src/components/QueryPage/ResultsContainer/ResultsContainer.jsx">
          <metrics statements="2" coveredstatements="2" conditionals="8" coveredconditionals="4" methods="2" coveredmethods="2"/>
          <line num="10" count="6" type="stmt"/>
          <line num="14" count="9" type="stmt"/>
        </file>
      </package>
      <package name="react-mp-bk.src.components.QueryPage.ResultsContainer.ResultsFiltersComponent">
        <metrics statements="4" coveredstatements="4" conditionals="2" coveredconditionals="2" methods="1" coveredmethods="1"/>
        <file name="ResultsFilters.jsx" path="/home/wennod/not-work/react-mp-bk/src/components/QueryPage/ResultsContainer/ResultsFiltersComponent/ResultsFilters.jsx">
          <metrics statements="4" coveredstatements="4" conditionals="2" coveredconditionals="2" methods="1" coveredmethods="1"/>
          <line num="5" count="3" type="stmt"/>
          <line num="6" count="11" type="cond" truecount="2" falsecount="0"/>
          <line num="7" count="1" type="stmt"/>
          <line num="18" count="10" type="stmt"/>
        </file>
      </package>
      <package name="react-mp-bk.src.components.QueryPage.ResultsContainer.ResultsListComponent">
        <metrics statements="5" coveredstatements="5" conditionals="4" coveredconditionals="4" methods="2" coveredmethods="2"/>
        <file name="ResultList.jsx" path="/home/wennod/not-work/react-mp-bk/src/components/QueryPage/ResultsContainer/ResultsListComponent/ResultList.jsx">
          <metrics statements="5" coveredstatements="5" conditionals="4" coveredconditionals="4" methods="2" coveredmethods="2"/>
          <line num="7" count="3" type="stmt"/>
          <line num="8" count="10" type="cond" truecount="4" falsecount="0"/>
          <line num="9" count="1" type="stmt"/>
          <line num="13" count="2" type="stmt"/>
          <line num="19" count="9" type="stmt"/>
        </file>
      </package>
      <package name="react-mp-bk.src.components.QueryPage.ResultsContainer.ResultsListComponent.ListItemComponent">
        <metrics statements="2" coveredstatements="2" conditionals="0" coveredconditionals="0" methods="1" coveredmethods="1"/>
        <file name="ResultListItem.jsx" path="/home/wennod/not-work/react-mp-bk/src/components/QueryPage/ResultsContainer/ResultsListComponent/ListItemComponent/ResultListItem.jsx">
          <metrics statements="2" coveredstatements="2" conditionals="0" coveredconditionals="0" methods="1" coveredmethods="1"/>
          <line num="4" count="4" type="stmt"/>
          <line num="5" count="3" type="stmt"/>
        </file>
      </package>
    </metrics>
  </project>
</coverage>
