{"/home/wennod/not-work/react-mp-bk/jestsetup.js": {"path":"/home/wennod/not-work/react-mp-bk/jestsetup.js","statementMap":{"0":{"start":{"line":5,"column":0},"end":{"line":5,"column":38}},"1":{"start":{"line":6,"column":0},"end":{"line":6,"column":25}},"2":{"start":{"line":7,"column":0},"end":{"line":7,"column":23}},"3":{"start":{"line":8,"column":0},"end":{"line":8,"column":21}},"4":{"start":{"line":10,"column":0},"end":{"line":12,"column":3}},"5":{"start":{"line":11,"column":4},"end":{"line":11,"column":29}}},"fnMap":{"0":{"name":"(anonymous_0)","decl":{"start":{"line":10,"column":16},"end":{"line":10,"column":17}},"loc":{"start":{"line":10,"column":27},"end":{"line":12,"column":2}},"line":10}},"branchMap":{},"s":{"0":7,"1":7,"2":7,"3":7,"4":7,"5":0},"f":{"0":0},"b":{},"_coverageSchema":"332fd63041d2c1bcb487cc26dd0d5f7d97098a6c","hash":"eebb2356679f4991f99d0705a7e4ebd9ed80ed6d"}
,"/home/wennod/not-work/react-mp-bk/src/components/Footer/Footer.jsx": {"path":"/home/wennod/not-work/react-mp-bk/src/components/Footer/Footer.jsx","statementMap":{"0":{"start":{"line":6,"column":15},"end":{"line":12,"column":1}},"1":{"start":{"line":7,"column":4},"end":{"line":11,"column":6}}},"fnMap":{"0":{"name":"(anonymous_0)","decl":{"start":{"line":6,"column":15},"end":{"line":6,"column":16}},"loc":{"start":{"line":6,"column":26},"end":{"line":12,"column":1}},"line":6}},"branchMap":{},"s":{"0":2,"1":9},"f":{"0":9},"b":{},"_coverageSchema":"332fd63041d2c1bcb487cc26dd0d5f7d97098a6c","hash":"786b78dcd26231e1fa813b78f501db03f2a6d1fe"}
,"/home/wennod/not-work/react-mp-bk/src/components/Header/Header.jsx": {"path":"/home/wennod/not-work/react-mp-bk/src/components/Header/Header.jsx","statementMap":{"0":{"start":{"line":9,"column":8},"end":{"line":9,"column":21}},"1":{"start":{"line":13,"column":8},"end":{"line":27,"column":10}}},"fnMap":{"0":{"name":"(anonymous_0)","decl":{"start":{"line":8,"column":4},"end":{"line":8,"column":5}},"loc":{"start":{"line":8,"column":23},"end":{"line":10,"column":5}},"line":8},"1":{"name":"(anonymous_1)","decl":{"start":{"line":12,"column":4},"end":{"line":12,"column":5}},"loc":{"start":{"line":12,"column":13},"end":{"line":28,"column":5}},"line":12}},"branchMap":{},"s":{"0":5,"1":8},"f":{"0":5,"1":8},"b":{},"_coverageSchema":"332fd63041d2c1bcb487cc26dd0d5f7d97098a6c","hash":"83313fbb3bb2ec39f1071fe841dd4489a17c1c82"}
,"/home/wennod/not-work/react-mp-bk/src/components/Header/SearchComponent/SearchContainer.jsx": {"path":"/home/wennod/not-work/react-mp-bk/src/components/Header/SearchComponent/SearchContainer.jsx","statementMap":{"0":{"start":{"line":7,"column":8},"end":{"line":7,"column":21}},"1":{"start":{"line":11,"column":8},"end":{"line":17,"column":10}}},"fnMap":{"0":{"name":"(anonymous_0)","decl":{"start":{"line":6,"column":4},"end":{"line":6,"column":5}},"loc":{"start":{"line":6,"column":23},"end":{"line":8,"column":5}},"line":6},"1":{"name":"(anonymous_1)","decl":{"start":{"line":10,"column":4},"end":{"line":10,"column":5}},"loc":{"start":{"line":10,"column":13},"end":{"line":18,"column":5}},"line":10}},"branchMap":{},"s":{"0":5,"1":8},"f":{"0":5,"1":8},"b":{},"_coverageSchema":"332fd63041d2c1bcb487cc26dd0d5f7d97098a6c","hash":"b2b38f311c4f61a8232e6f481d1560cdb592bcc0"}
,"/home/wennod/not-work/react-mp-bk/src/components/Header/SearchComponent/SearchFormComponent/SearchForm.jsx": {"path":"/home/wennod/not-work/react-mp-bk/src/components/Header/SearchComponent/SearchFormComponent/SearchForm.jsx","statementMap":{"0":{"start":{"line":7,"column":8},"end":{"line":7,"column":21}},"1":{"start":{"line":11,"column":8},"end":{"line":48,"column":9}},"2":{"start":{"line":15,"column":36},"end":{"line":15,"column":77}},"3":{"start":{"line":16,"column":31},"end":{"line":16,"column":51}},"4":{"start":{"line":26,"column":43},"end":{"line":26,"column":84}},"5":{"start":{"line":27,"column":39},"end":{"line":27,"column":59}},"6":{"start":{"line":36,"column":43},"end":{"line":36,"column":84}},"7":{"start":{"line":37,"column":39},"end":{"line":37,"column":59}}},"fnMap":{"0":{"name":"(anonymous_0)","decl":{"start":{"line":6,"column":4},"end":{"line":6,"column":5}},"loc":{"start":{"line":6,"column":23},"end":{"line":8,"column":5}},"line":6},"1":{"name":"(anonymous_1)","decl":{"start":{"line":10,"column":4},"end":{"line":10,"column":5}},"loc":{"start":{"line":10,"column":13},"end":{"line":49,"column":5}},"line":10},"2":{"name":"(anonymous_2)","decl":{"start":{"line":15,"column":30},"end":{"line":15,"column":31}},"loc":{"start":{"line":15,"column":36},"end":{"line":15,"column":77}},"line":15},"3":{"name":"(anonymous_3)","decl":{"start":{"line":16,"column":25},"end":{"line":16,"column":26}},"loc":{"start":{"line":16,"column":31},"end":{"line":16,"column":51}},"line":16},"4":{"name":"(anonymous_4)","decl":{"start":{"line":26,"column":37},"end":{"line":26,"column":38}},"loc":{"start":{"line":26,"column":43},"end":{"line":26,"column":84}},"line":26},"5":{"name":"(anonymous_5)","decl":{"start":{"line":27,"column":33},"end":{"line":27,"column":34}},"loc":{"start":{"line":27,"column":39},"end":{"line":27,"column":59}},"line":27},"6":{"name":"(anonymous_6)","decl":{"start":{"line":36,"column":37},"end":{"line":36,"column":38}},"loc":{"start":{"line":36,"column":43},"end":{"line":36,"column":84}},"line":36},"7":{"name":"(anonymous_7)","decl":{"start":{"line":37,"column":33},"end":{"line":37,"column":34}},"loc":{"start":{"line":37,"column":39},"end":{"line":37,"column":59}},"line":37}},"branchMap":{},"s":{"0":6,"1":9,"2":1,"3":11,"4":1,"5":11,"6":1,"7":11},"f":{"0":6,"1":9,"2":1,"3":11,"4":1,"5":11,"6":1,"7":11},"b":{},"_coverageSchema":"332fd63041d2c1bcb487cc26dd0d5f7d97098a6c","hash":"36b613d00e09fff5f5555959119716f04a60fb96"}
,"/home/wennod/not-work/react-mp-bk/src/components/QueryPage/QueryPage.jsx": {"path":"/home/wennod/not-work/react-mp-bk/src/components/QueryPage/QueryPage.jsx","statementMap":{"0":{"start":{"line":12,"column":8},"end":{"line":12,"column":21}},"1":{"start":{"line":13,"column":8},"end":{"line":17,"column":10}},"2":{"start":{"line":21,"column":25},"end":{"line":21,"column":70}},"3":{"start":{"line":22,"column":25},"end":{"line":22,"column":46}},"4":{"start":{"line":23,"column":8},"end":{"line":23,"column":103}},"5":{"start":{"line":27,"column":8},"end":{"line":27,"column":31}},"6":{"start":{"line":28,"column":8},"end":{"line":36,"column":14}},"7":{"start":{"line":29,"column":28},"end":{"line":29,"column":41}},"8":{"start":{"line":31,"column":20},"end":{"line":31,"column":68}},"9":{"start":{"line":31,"column":41},"end":{"line":31,"column":65}},"10":{"start":{"line":34,"column":20},"end":{"line":34,"column":41}},"11":{"start":{"line":40,"column":8},"end":{"line":40,"column":59}},"12":{"start":{"line":40,"column":29},"end":{"line":40,"column":56}},"13":{"start":{"line":44,"column":8},"end":{"line":44,"column":59}},"14":{"start":{"line":44,"column":29},"end":{"line":44,"column":56}},"15":{"start":{"line":48,"column":8},"end":{"line":58,"column":10}}},"fnMap":{"0":{"name":"(anonymous_0)","decl":{"start":{"line":11,"column":4},"end":{"line":11,"column":5}},"loc":{"start":{"line":11,"column":23},"end":{"line":18,"column":5}},"line":11},"1":{"name":"(anonymous_1)","decl":{"start":{"line":20,"column":4},"end":{"line":20,"column":5}},"loc":{"start":{"line":20,"column":21},"end":{"line":24,"column":5}},"line":20},"2":{"name":"(anonymous_2)","decl":{"start":{"line":26,"column":4},"end":{"line":26,"column":5}},"loc":{"start":{"line":26,"column":21},"end":{"line":37,"column":5}},"line":26},"3":{"name":"(anonymous_3)","decl":{"start":{"line":29,"column":18},"end":{"line":29,"column":19}},"loc":{"start":{"line":29,"column":28},"end":{"line":29,"column":41}},"line":29},"4":{"name":"(anonymous_4)","decl":{"start":{"line":30,"column":18},"end":{"line":30,"column":19}},"loc":{"start":{"line":30,"column":30},"end":{"line":32,"column":17}},"line":30},"5":{"name":"(anonymous_5)","decl":{"start":{"line":31,"column":34},"end":{"line":31,"column":35}},"loc":{"start":{"line":31,"column":41},"end":{"line":31,"column":65}},"line":31},"6":{"name":"(anonymous_6)","decl":{"start":{"line":33,"column":16},"end":{"line":33,"column":17}},"loc":{"start":{"line":33,"column":25},"end":{"line":35,"column":17}},"line":33},"7":{"name":"(anonymous_7)","decl":{"start":{"line":39,"column":4},"end":{"line":39,"column":5}},"loc":{"start":{"line":39,"column":25},"end":{"line":41,"column":5}},"line":39},"8":{"name":"(anonymous_8)","decl":{"start":{"line":40,"column":22},"end":{"line":40,"column":23}},"loc":{"start":{"line":40,"column":29},"end":{"line":40,"column":56}},"line":40},"9":{"name":"(anonymous_9)","decl":{"start":{"line":43,"column":4},"end":{"line":43,"column":5}},"loc":{"start":{"line":43,"column":25},"end":{"line":45,"column":5}},"line":43},"10":{"name":"(anonymous_10)","decl":{"start":{"line":44,"column":22},"end":{"line":44,"column":23}},"loc":{"start":{"line":44,"column":29},"end":{"line":44,"column":56}},"line":44},"11":{"name":"(anonymous_11)","decl":{"start":{"line":47,"column":4},"end":{"line":47,"column":5}},"loc":{"start":{"line":47,"column":13},"end":{"line":59,"column":5}},"line":47}},"branchMap":{},"s":{"0":5,"1":5,"2":1,"3":1,"4":1,"5":1,"6":1,"7":1,"8":0,"9":0,"10":1,"11":1,"12":1,"13":2,"14":2,"15":8},"f":{"0":5,"1":1,"2":1,"3":1,"4":0,"5":0,"6":1,"7":1,"8":1,"9":2,"10":2,"11":8},"b":{},"_coverageSchema":"332fd63041d2c1bcb487cc26dd0d5f7d97098a6c","hash":"a707a52e72e36c80928d455e16e65f00d2597c64"}
,"/home/wennod/not-work/react-mp-bk/src/components/QueryPage/ResultsContainer/ResultsContainer.jsx": {"path":"/home/wennod/not-work/react-mp-bk/src/components/QueryPage/ResultsContainer/ResultsContainer.jsx","statementMap":{"0":{"start":{"line":10,"column":8},"end":{"line":10,"column":21}},"1":{"start":{"line":14,"column":8},"end":{"line":32,"column":10}}},"fnMap":{"0":{"name":"(anonymous_0)","decl":{"start":{"line":9,"column":4},"end":{"line":9,"column":5}},"loc":{"start":{"line":9,"column":23},"end":{"line":11,"column":5}},"line":9},"1":{"name":"(anonymous_1)","decl":{"start":{"line":13,"column":4},"end":{"line":13,"column":5}},"loc":{"start":{"line":13,"column":13},"end":{"line":33,"column":5}},"line":13}},"branchMap":{"0":{"loc":{"start":{"line":16,"column":27},"end":{"line":18,"column":47}},"type":"cond-expr","locations":[{"start":{"line":17,"column":22},"end":{"line":17,"column":31}},{"start":{"line":18,"column":22},"end":{"line":18,"column":47}}],"line":16},"1":{"loc":{"start":{"line":16,"column":27},"end":{"line":16,"column":68}},"type":"binary-expr","locations":[{"start":{"line":16,"column":27},"end":{"line":16,"column":42}},{"start":{"line":16,"column":46},"end":{"line":16,"column":68}}],"line":16},"2":{"loc":{"start":{"line":23,"column":32},"end":{"line":25,"column":35}},"type":"cond-expr","locations":[{"start":{"line":24,"column":30},"end":{"line":24,"column":52}},{"start":{"line":25,"column":30},"end":{"line":25,"column":35}}],"line":23},"3":{"loc":{"start":{"line":23,"column":32},"end":{"line":23,"column":73}},"type":"binary-expr","locations":[{"start":{"line":23,"column":32},"end":{"line":23,"column":47}},{"start":{"line":23,"column":51},"end":{"line":23,"column":73}}],"line":23}},"s":{"0":6,"1":9},"f":{"0":6,"1":9},"b":{"0":[0,9],"1":[9,0],"2":[0,9],"3":[9,0]},"_coverageSchema":"332fd63041d2c1bcb487cc26dd0d5f7d97098a6c","hash":"0b930b5a928a646864033deb58e8b698ec1d57d0"}
,"/home/wennod/not-work/react-mp-bk/src/components/QueryPage/ResultsContainer/ResultsFiltersComponent/ResultsFilters.jsx": {"path":"/home/wennod/not-work/react-mp-bk/src/components/QueryPage/ResultsContainer/ResultsFiltersComponent/ResultsFilters.jsx","statementMap":{"0":{"start":{"line":5,"column":20},"end":{"line":23,"column":1}},"1":{"start":{"line":6,"column":4},"end":{"line":22,"column":5}},"2":{"start":{"line":7,"column":8},"end":{"line":16,"column":9}},"3":{"start":{"line":18,"column":8},"end":{"line":21,"column":10}}},"fnMap":{"0":{"name":"(anonymous_0)","decl":{"start":{"line":5,"column":20},"end":{"line":5,"column":21}},"loc":{"start":{"line":5,"column":31},"end":{"line":23,"column":1}},"line":5}},"branchMap":{"0":{"loc":{"start":{"line":6,"column":4},"end":{"line":22,"column":5}},"type":"if","locations":[{"start":{"line":6,"column":4},"end":{"line":22,"column":5}},{"start":{"line":6,"column":4},"end":{"line":22,"column":5}}],"line":6}},"s":{"0":3,"1":11,"2":1,"3":10},"f":{"0":11},"b":{"0":[1,10]},"_coverageSchema":"332fd63041d2c1bcb487cc26dd0d5f7d97098a6c","hash":"72a5e31b143cbf351d522c471db34d263abeb2bf"}
,"/home/wennod/not-work/react-mp-bk/src/components/QueryPage/ResultsContainer/ResultsListComponent/ResultList.jsx": {"path":"/home/wennod/not-work/react-mp-bk/src/components/QueryPage/ResultsContainer/ResultsListComponent/ResultList.jsx","statementMap":{"0":{"start":{"line":7,"column":19},"end":{"line":25,"column":1}},"1":{"start":{"line":8,"column":4},"end":{"line":24,"column":5}},"2":{"start":{"line":9,"column":8},"end":{"line":17,"column":10}},"3":{"start":{"line":13,"column":24},"end":{"line":13,"column":77}},"4":{"start":{"line":19,"column":8},"end":{"line":23,"column":10}}},"fnMap":{"0":{"name":"(anonymous_0)","decl":{"start":{"line":7,"column":19},"end":{"line":7,"column":20}},"loc":{"start":{"line":7,"column":30},"end":{"line":25,"column":1}},"line":7},"1":{"name":"(anonymous_1)","decl":{"start":{"line":12,"column":36},"end":{"line":12,"column":37}},"loc":{"start":{"line":12,"column":50},"end":{"line":14,"column":21}},"line":12}},"branchMap":{"0":{"loc":{"start":{"line":8,"column":4},"end":{"line":24,"column":5}},"type":"if","locations":[{"start":{"line":8,"column":4},"end":{"line":24,"column":5}},{"start":{"line":8,"column":4},"end":{"line":24,"column":5}}],"line":8},"1":{"loc":{"start":{"line":8,"column":8},"end":{"line":8,"column":39}},"type":"binary-expr","locations":[{"start":{"line":8,"column":8},"end":{"line":8,"column":18}},{"start":{"line":8,"column":22},"end":{"line":8,"column":39}}],"line":8}},"s":{"0":3,"1":10,"2":1,"3":2,"4":9},"f":{"0":10,"1":2},"b":{"0":[1,9],"1":[10,1]},"_coverageSchema":"332fd63041d2c1bcb487cc26dd0d5f7d97098a6c","hash":"43d2cc728b2e49f0d88fa91049885e2b13bffd50"}
,"/home/wennod/not-work/react-mp-bk/src/components/QueryPage/ResultsContainer/ResultsListComponent/ListItemComponent/ResultListItem.jsx": {"path":"/home/wennod/not-work/react-mp-bk/src/components/QueryPage/ResultsContainer/ResultsListComponent/ListItemComponent/ResultListItem.jsx","statementMap":{"0":{"start":{"line":4,"column":17},"end":{"line":15,"column":1}},"1":{"start":{"line":5,"column":4},"end":{"line":14,"column":5}}},"fnMap":{"0":{"name":"(anonymous_0)","decl":{"start":{"line":4,"column":17},"end":{"line":4,"column":18}},"loc":{"start":{"line":4,"column":28},"end":{"line":15,"column":1}},"line":4}},"branchMap":{},"s":{"0":4,"1":3},"f":{"0":3},"b":{},"_coverageSchema":"332fd63041d2c1bcb487cc26dd0d5f7d97098a6c","hash":"8a4b2074230c88f3a1833bc1eee4859601a99958"}
}
