TN:
SF:/home/wennod/not-work/react-mp-bk/jestsetup.js
FN:10,(anonymous_0)
FNF:1
FNH:0
FNDA:0,(anonymous_0)
DA:5,7
DA:6,7
DA:7,7
DA:8,7
DA:10,7
DA:11,0
LF:6
LH:5
BRF:0
BRH:0
end_of_record
TN:
SF:/home/wennod/not-work/react-mp-bk/src/components/Footer/Footer.jsx
FN:6,(anonymous_0)
FNF:1
FNH:1
FNDA:9,(anonymous_0)
DA:6,2
DA:7,9
LF:2
LH:2
BRF:0
BRH:0
end_of_record
TN:
SF:/home/wennod/not-work/react-mp-bk/src/components/Header/Header.jsx
FN:8,(anonymous_0)
FN:12,(anonymous_1)
FNF:2
FNH:2
FNDA:5,(anonymous_0)
FNDA:8,(anonymous_1)
DA:9,5
DA:13,8
LF:2
LH:2
BRF:0
BRH:0
end_of_record
TN:
SF:/home/wennod/not-work/react-mp-bk/src/components/Header/SearchComponent/SearchContainer.jsx
FN:6,(anonymous_0)
FN:10,(anonymous_1)
FNF:2
FNH:2
FNDA:5,(anonymous_0)
FNDA:8,(anonymous_1)
DA:7,5
DA:11,8
LF:2
LH:2
BRF:0
BRH:0
end_of_record
TN:
SF:/home/wennod/not-work/react-mp-bk/src/components/Header/SearchComponent/SearchFormComponent/SearchForm.jsx
FN:6,(anonymous_0)
FN:10,(anonymous_1)
FN:15,(anonymous_2)
FN:16,(anonymous_3)
FN:26,(anonymous_4)
FN:27,(anonymous_5)
FN:36,(anonymous_6)
FN:37,(anonymous_7)
FNF:8
FNH:8
FNDA:6,(anonymous_0)
FNDA:9,(anonymous_1)
FNDA:1,(anonymous_2)
FNDA:11,(anonymous_3)
FNDA:1,(anonymous_4)
FNDA:11,(anonymous_5)
FNDA:1,(anonymous_6)
FNDA:11,(anonymous_7)
DA:7,6
DA:11,9
DA:15,1
DA:16,11
DA:26,1
DA:27,11
DA:36,1
DA:37,11
LF:8
LH:8
BRF:0
BRH:0
end_of_record
TN:
SF:/home/wennod/not-work/react-mp-bk/src/components/QueryPage/QueryPage.jsx
FN:11,(anonymous_0)
FN:20,(anonymous_1)
FN:26,(anonymous_2)
FN:29,(anonymous_3)
FN:30,(anonymous_4)
FN:31,(anonymous_5)
FN:33,(anonymous_6)
FN:39,(anonymous_7)
FN:40,(anonymous_8)
FN:43,(anonymous_9)
FN:44,(anonymous_10)
FN:47,(anonymous_11)
FNF:12
FNH:10
FNDA:5,(anonymous_0)
FNDA:1,(anonymous_1)
FNDA:1,(anonymous_2)
FNDA:1,(anonymous_3)
FNDA:0,(anonymous_4)
FNDA:0,(anonymous_5)
FNDA:1,(anonymous_6)
FNDA:1,(anonymous_7)
FNDA:1,(anonymous_8)
FNDA:2,(anonymous_9)
FNDA:2,(anonymous_10)
FNDA:8,(anonymous_11)
DA:12,5
DA:13,5
DA:21,1
DA:22,1
DA:23,1
DA:27,1
DA:28,1
DA:29,1
DA:31,0
DA:34,1
DA:40,1
DA:44,2
DA:48,8
LF:13
LH:12
BRF:0
BRH:0
end_of_record
TN:
SF:/home/wennod/not-work/react-mp-bk/src/components/QueryPage/ResultsContainer/ResultsContainer.jsx
FN:9,(anonymous_0)
FN:13,(anonymous_1)
FNF:2
FNH:2
FNDA:6,(anonymous_0)
FNDA:9,(anonymous_1)
DA:10,6
DA:14,9
LF:2
LH:2
BRDA:16,0,0,0
BRDA:16,0,1,9
BRDA:16,1,0,9
BRDA:16,1,1,0
BRDA:23,2,0,0
BRDA:23,2,1,9
BRDA:23,3,0,9
BRDA:23,3,1,0
BRF:8
BRH:4
end_of_record
TN:
SF:/home/wennod/not-work/react-mp-bk/src/components/QueryPage/ResultsContainer/ResultsFiltersComponent/ResultsFilters.jsx
FN:5,(anonymous_0)
FNF:1
FNH:1
FNDA:11,(anonymous_0)
DA:5,3
DA:6,11
DA:7,1
DA:18,10
LF:4
LH:4
BRDA:6,0,0,1
BRDA:6,0,1,10
BRF:2
BRH:2
end_of_record
TN:
SF:/home/wennod/not-work/react-mp-bk/src/components/QueryPage/ResultsContainer/ResultsListComponent/ResultList.jsx
FN:7,(anonymous_0)
FN:12,(anonymous_1)
FNF:2
FNH:2
FNDA:10,(anonymous_0)
FNDA:2,(anonymous_1)
DA:7,3
DA:8,10
DA:9,1
DA:13,2
DA:19,9
LF:5
LH:5
BRDA:8,0,0,1
BRDA:8,0,1,9
BRDA:8,1,0,10
BRDA:8,1,1,1
BRF:4
BRH:4
end_of_record
TN:
SF:/home/wennod/not-work/react-mp-bk/src/components/QueryPage/ResultsContainer/ResultsListComponent/ListItemComponent/ResultListItem.jsx
FN:4,(anonymous_0)
FNF:1
FNH:1
FNDA:3,(anonymous_0)
DA:4,4
DA:5,3
LF:2
LH:2
BRF:0
BRH:0
end_of_record
